<?xml version="1.0" encoding="UTF-8"?>
<testsuite xmlns:xsi="http://www.w3.org/2001/XMLSchema-instance" xsi:noNamespaceSchemaLocation="https://maven.apache.org/surefire/maven-surefire-plugin/xsd/surefire-test-report-3.0.xsd" version="3.0" name="fr.univrennes.istic.l2gen.application.JsonParserTest" time="0.037" tests="4" errors="0" skipped="0" failures="0">
  <properties>
[...]
</properties>
  <testcase name="testSaveJsonWithCorrectEncoding" classname="fr.univrennes.istic.l2gen.application.JsonParserTest" time="0.029"/>
  <testcase name="testParseMusees" classname="fr.univrennes.istic.l2gen.application.JsonParserTest" time="0.002"/>
  <testcase name="testFindMatchingBrace" classname="fr.univrennes.istic.l2gen.application.JsonParserTest" time="0.003"/>
  <testcase name="testDecodeUnicodeEscapes" classname="fr.univrennes.istic.l2gen.application.JsonParserTest" time="0.001"/>
</testsuite>